<?xml version="1.0" encoding="UTF-8"?>
<testsuite xmlns:xsi="http://www.w3.org/2001/XMLSchema-instance" xsi:noNamespaceSchemaLocation="https://maven.apache.org/surefire/maven-surefire-plugin/xsd/surefire-test-report-3.0.xsd" version="3.0" name="Test" time="0.003" tests="0" errors="0" skipped="0" failures="0">
  <properties>
    <property name="gopherProxySet" value="false"/>
    <property name="awt.toolkit" value="sun.lwawt.macosx.LWCToolkit"/>
    <property name="java.specification.version" value="11"/>
    <property name="sun.cpu.isalist" value=""/>
    <property name="sun.jnu.encoding" value="UTF-8"/>
    <property name="java.class.path" value="/Users/yecao/Documents/projects/key-value/raft/web-client/target/test-classes:/Users/yecao/Documents/projects/key-value/raft/web-client/target/classes:/Users/yecao/.m2/repository/org/springframework/boot/spring-boot-starter-web/2.5.9/spring-boot-starter-web-2.5.9.jar:/Users/yecao/.m2/repository/org/springframework/boot/spring-boot-starter/2.5.9/spring-boot-starter-2.5.9.jar:/Users/yecao/.m2/repository/org/springframework/boot/spring-boot-autoconfigure/2.5.9/spring-boot-autoconfigure-2.5.9.jar:/Users/yecao/.m2/repository/org/springframework/boot/spring-boot-starter-logging/2.5.9/spring-boot-starter-logging-2.5.9.jar:/Users/yecao/.m2/repository/ch/qos/logback/logback-classic/1.2.10/logback-classic-1.2.10.jar:/Users/yecao/.m2/repository/ch/qos/logback/logback-core/1.2.10/logback-core-1.2.10.jar:/Users/yecao/.m2/repository/org/apache/logging/log4j/log4j-to-slf4j/2.17.1/log4j-to-slf4j-2.17.1.jar:/Users/yecao/.m2/repository/org/slf4j/jul-to-slf4j/1.7.33/jul-to-slf4j-1.7.33.jar:/Users/yecao/.m2/repository/jakarta/annotation/jakarta.annotation-api/1.3.5/jakarta.annotation-api-1.3.5.jar:/Users/yecao/.m2/repository/org/springframework/spring-core/5.3.15/spring-core-5.3.15.jar:/Users/yecao/.m2/repository/org/springframework/spring-jcl/5.3.15/spring-jcl-5.3.15.jar:/Users/yecao/.m2/repository/org/yaml/snakeyaml/1.28/snakeyaml-1.28.jar:/Users/yecao/.m2/repository/org/springframework/boot/spring-boot-starter-json/2.5.9/spring-boot-starter-json-2.5.9.jar:/Users/yecao/.m2/repository/com/fasterxml/jackson/core/jackson-databind/2.12.6/jackson-databind-2.12.6.jar:/Users/yecao/.m2/repository/com/fasterxml/jackson/core/jackson-annotations/2.12.6/jackson-annotations-2.12.6.jar:/Users/yecao/.m2/repository/com/fasterxml/jackson/core/jackson-core/2.12.6/jackson-core-2.12.6.jar:/Users/yecao/.m2/repository/com/fasterxml/jackson/datatype/jackson-datatype-jdk8/2.12.6/jackson-datatype-jdk8-2.12.6.jar:/Users/yecao/.m2/repository/com/fasterxml/jackson/datatype/jackson-datatype-jsr310/2.12.6/jackson-datatype-jsr310-2.12.6.jar:/Users/yecao/.m2/repository/com/fasterxml/jackson/module/jackson-module-parameter-names/2.12.6/jackson-module-parameter-names-2.12.6.jar:/Users/yecao/.m2/repository/org/springframework/boot/spring-boot-starter-tomcat/2.5.9/spring-boot-starter-tomcat-2.5.9.jar:/Users/yecao/.m2/repository/org/apache/tomcat/embed/tomcat-embed-core/9.0.56/tomcat-embed-core-9.0.56.jar:/Users/yecao/.m2/repository/org/apache/tomcat/embed/tomcat-embed-el/9.0.56/tomcat-embed-el-9.0.56.jar:/Users/yecao/.m2/repository/org/apache/tomcat/embed/tomcat-embed-websocket/9.0.56/tomcat-embed-websocket-9.0.56.jar:/Users/yecao/.m2/repository/org/springframework/spring-web/5.3.15/spring-web-5.3.15.jar:/Users/yecao/.m2/repository/org/springframework/spring-beans/5.3.15/spring-beans-5.3.15.jar:/Users/yecao/.m2/repository/org/springframework/spring-webmvc/5.3.15/spring-webmvc-5.3.15.jar:/Users/yecao/.m2/repository/org/springframework/spring-aop/5.3.15/spring-aop-5.3.15.jar:/Users/yecao/.m2/repository/org/springframework/spring-context/5.3.15/spring-context-5.3.15.jar:/Users/yecao/.m2/repository/org/springframework/spring-expression/5.3.15/spring-expression-5.3.15.jar:/Users/yecao/Documents/projects/key-value/raft/raft-java-example/target/raft-java-example-1.9.0.jar:/Users/yecao/Documents/projects/key-value/raft/raft-java-core/target/raft-java-core-1.9.0.jar:/Users/yecao/.m2/repository/com/baidu/brpc-java/2.5.9/brpc-java-2.5.9.jar:/Users/yecao/.m2/repository/io/netty/netty-all/4.1.42.Final/netty-all-4.1.42.Final.jar:/Users/yecao/.m2/repository/com/google/protobuf/protobuf-java/2.5.0/protobuf-java-2.5.0.jar:/Users/yecao/.m2/repository/com/googlecode/protobuf-java-format/protobuf-java-format/1.4/protobuf-java-format-1.4.jar:/Users/yecao/.m2/repository/com/baidu/jprotobuf/1.11.11/jprotobuf-1.11.11.jar:/Users/yecao/.m2/repository/com/squareup/protoparser/3.1.5/protoparser-3.1.5.jar:/Users/yecao/.m2/repository/org/javassist/javassist/3.22.0-CR1/javassist-3.22.0-CR1.jar:/Users/yecao/.m2/repository/cglib/cglib/3.2.5/cglib-3.2.5.jar:/Users/yecao/.m2/repository/org/ow2/asm/asm/6.0_ALPHA/asm-6.0_ALPHA.jar:/Users/yecao/.m2/repository/org/apache/ant/ant/1.9.6/ant-1.9.6.jar:/Users/yecao/.m2/repository/org/apache/ant/ant-launcher/1.9.6/ant-launcher-1.9.6.jar:/Users/yecao/.m2/repository/org/apache/commons/commons-collections4/4.1/commons-collections4-4.1.jar:/Users/yecao/.m2/repository/org/apache/commons/commons-pool2/2.4.2/commons-pool2-2.4.2.jar:/Users/yecao/.m2/repository/com/google/code/gson/gson/2.8.5/gson-2.8.5.jar:/Users/yecao/.m2/repository/org/xerial/snappy/snappy-java/1.1.7.2/snappy-java-1.1.7.2.jar:/Users/yecao/.m2/repository/com/dyuproject/protostuff/protostuff-runtime/1.0.7/protostuff-runtime-1.0.7.jar:/Users/yecao/.m2/repository/com/dyuproject/protostuff/protostuff-api/1.0.7/protostuff-api-1.0.7.jar:/Users/yecao/.m2/repository/com/dyuproject/protostuff/protostuff-collectionschema/1.0.7/protostuff-collectionschema-1.0.7.jar:/Users/yecao/.m2/repository/com/dyuproject/protostuff/protostuff-core/1.0.7/protostuff-core-1.0.7.jar:/Users/yecao/.m2/repository/org/apache/commons/commons-lang3/3.5/commons-lang3-3.5.jar:/Users/yecao/.m2/repository/com/google/guava/guava/21.0/guava-21.0.jar:/Users/yecao/.m2/repository/org/rocksdb/rocksdbjni/5.1.4/rocksdbjni-5.1.4.jar:/Users/yecao/.m2/repository/io/github/myui/btree4j/0.9.1/btree4j-0.9.1.jar:/Users/yecao/.m2/repository/log4j/log4j/1.2.17/log4j-1.2.17.jar:/Users/yecao/.m2/repository/commons-cli/commons-cli/1.2/commons-cli-1.2.jar:/Users/yecao/.m2/repository/commons-logging/commons-logging/1.0.4/commons-logging-1.0.4.jar:/Users/yecao/.m2/repository/org/iq80/leveldb/leveldb/0.12/leveldb-0.12.jar:/Users/yecao/.m2/repository/org/iq80/leveldb/leveldb-api/0.12/leveldb-api-0.12.jar:/Users/yecao/Documents/projects/key-value/raft/raft-java-example/lib/bitcask-java.jar:/Users/yecao/.m2/repository/commons-io/commons-io/2.5/commons-io-2.5.jar:/Users/yecao/.m2/repository/org/apache/logging/log4j/log4j-slf4j-impl/2.9.1/log4j-slf4j-impl-2.9.1.jar:/Users/yecao/.m2/repository/org/slf4j/slf4j-api/1.7.25/slf4j-api-1.7.25.jar:/Users/yecao/.m2/repository/org/apache/logging/log4j/log4j-api/2.9.1/log4j-api-2.9.1.jar:/Users/yecao/.m2/repository/org/apache/logging/log4j/log4j-core/2.9.1/log4j-core-2.9.1.jar:/Users/yecao/.m2/repository/org/projectlombok/lombok/1.18.22/lombok-1.18.22.jar:/Users/yecao/.m2/repository/org/springframework/boot/spring-boot-test/2.5.9/spring-boot-test-2.5.9.jar:/Users/yecao/.m2/repository/org/springframework/boot/spring-boot/2.5.9/spring-boot-2.5.9.jar:"/>
    <property name="java.vm.vendor" value="Homebrew"/>
    <property name="sun.arch.data.model" value="64"/>
    <property name="java.vendor.url" value="https://github.com/Homebrew/homebrew-core/issues"/>
    <property name="user.timezone" value=""/>
    <property name="java.vm.specification.version" value="11"/>
    <property name="os.name" value="Mac OS X"/>
    <property name="sun.java.launcher" value="SUN_STANDARD"/>
    <property name="user.country" value="US"/>
    <property name="sun.boot.library.path" value="/opt/homebrew/Cellar/openjdk@11/11.0.25/libexec/openjdk.jdk/Contents/Home/lib"/>
    <property name="sun.java.command" value="/Users/yecao/Documents/projects/key-value/raft/web-client/target/surefire/surefirebooter-20241218150558841_9.jar /Users/yecao/Documents/projects/key-value/raft/web-client/target/surefire 2024-12-18T15-05-38_189-jvmRun1 surefire-20241218150558841_7tmp surefire_1-20241218150558841_8tmp"/>
    <property name="jdk.debug" value="release"/>
    <property name="surefire.test.class.path" value="/Users/yecao/Documents/projects/key-value/raft/web-client/target/test-classes:/Users/yecao/Documents/projects/key-value/raft/web-client/target/classes:/Users/yecao/.m2/repository/org/springframework/boot/spring-boot-starter-web/2.5.9/spring-boot-starter-web-2.5.9.jar:/Users/yecao/.m2/repository/org/springframework/boot/spring-boot-starter/2.5.9/spring-boot-starter-2.5.9.jar:/Users/yecao/.m2/repository/org/springframework/boot/spring-boot-autoconfigure/2.5.9/spring-boot-autoconfigure-2.5.9.jar:/Users/yecao/.m2/repository/org/springframework/boot/spring-boot-starter-logging/2.5.9/spring-boot-starter-logging-2.5.9.jar:/Users/yecao/.m2/repository/ch/qos/logback/logback-classic/1.2.10/logback-classic-1.2.10.jar:/Users/yecao/.m2/repository/ch/qos/logback/logback-core/1.2.10/logback-core-1.2.10.jar:/Users/yecao/.m2/repository/org/apache/logging/log4j/log4j-to-slf4j/2.17.1/log4j-to-slf4j-2.17.1.jar:/Users/yecao/.m2/repository/org/slf4j/jul-to-slf4j/1.7.33/jul-to-slf4j-1.7.33.jar:/Users/yecao/.m2/repository/jakarta/annotation/jakarta.annotation-api/1.3.5/jakarta.annotation-api-1.3.5.jar:/Users/yecao/.m2/repository/org/springframework/spring-core/5.3.15/spring-core-5.3.15.jar:/Users/yecao/.m2/repository/org/springframework/spring-jcl/5.3.15/spring-jcl-5.3.15.jar:/Users/yecao/.m2/repository/org/yaml/snakeyaml/1.28/snakeyaml-1.28.jar:/Users/yecao/.m2/repository/org/springframework/boot/spring-boot-starter-json/2.5.9/spring-boot-starter-json-2.5.9.jar:/Users/yecao/.m2/repository/com/fasterxml/jackson/core/jackson-databind/2.12.6/jackson-databind-2.12.6.jar:/Users/yecao/.m2/repository/com/fasterxml/jackson/core/jackson-annotations/2.12.6/jackson-annotations-2.12.6.jar:/Users/yecao/.m2/repository/com/fasterxml/jackson/core/jackson-core/2.12.6/jackson-core-2.12.6.jar:/Users/yecao/.m2/repository/com/fasterxml/jackson/datatype/jackson-datatype-jdk8/2.12.6/jackson-datatype-jdk8-2.12.6.jar:/Users/yecao/.m2/repository/com/fasterxml/jackson/datatype/jackson-datatype-jsr310/2.12.6/jackson-datatype-jsr310-2.12.6.jar:/Users/yecao/.m2/repository/com/fasterxml/jackson/module/jackson-module-parameter-names/2.12.6/jackson-module-parameter-names-2.12.6.jar:/Users/yecao/.m2/repository/org/springframework/boot/spring-boot-starter-tomcat/2.5.9/spring-boot-starter-tomcat-2.5.9.jar:/Users/yecao/.m2/repository/org/apache/tomcat/embed/tomcat-embed-core/9.0.56/tomcat-embed-core-9.0.56.jar:/Users/yecao/.m2/repository/org/apache/tomcat/embed/tomcat-embed-el/9.0.56/tomcat-embed-el-9.0.56.jar:/Users/yecao/.m2/repository/org/apache/tomcat/embed/tomcat-embed-websocket/9.0.56/tomcat-embed-websocket-9.0.56.jar:/Users/yecao/.m2/repository/org/springframework/spring-web/5.3.15/spring-web-5.3.15.jar:/Users/yecao/.m2/repository/org/springframework/spring-beans/5.3.15/spring-beans-5.3.15.jar:/Users/yecao/.m2/repository/org/springframework/spring-webmvc/5.3.15/spring-webmvc-5.3.15.jar:/Users/yecao/.m2/repository/org/springframework/spring-aop/5.3.15/spring-aop-5.3.15.jar:/Users/yecao/.m2/repository/org/springframework/spring-context/5.3.15/spring-context-5.3.15.jar:/Users/yecao/.m2/repository/org/springframework/spring-expression/5.3.15/spring-expression-5.3.15.jar:/Users/yecao/Documents/projects/key-value/raft/raft-java-example/target/raft-java-example-1.9.0.jar:/Users/yecao/Documents/projects/key-value/raft/raft-java-core/target/raft-java-core-1.9.0.jar:/Users/yecao/.m2/repository/com/baidu/brpc-java/2.5.9/brpc-java-2.5.9.jar:/Users/yecao/.m2/repository/io/netty/netty-all/4.1.42.Final/netty-all-4.1.42.Final.jar:/Users/yecao/.m2/repository/com/google/protobuf/protobuf-java/2.5.0/protobuf-java-2.5.0.jar:/Users/yecao/.m2/repository/com/googlecode/protobuf-java-format/protobuf-java-format/1.4/protobuf-java-format-1.4.jar:/Users/yecao/.m2/repository/com/baidu/jprotobuf/1.11.11/jprotobuf-1.11.11.jar:/Users/yecao/.m2/repository/com/squareup/protoparser/3.1.5/protoparser-3.1.5.jar:/Users/yecao/.m2/repository/org/javassist/javassist/3.22.0-CR1/javassist-3.22.0-CR1.jar:/Users/yecao/.m2/repository/cglib/cglib/3.2.5/cglib-3.2.5.jar:/Users/yecao/.m2/repository/org/ow2/asm/asm/6.0_ALPHA/asm-6.0_ALPHA.jar:/Users/yecao/.m2/repository/org/apache/ant/ant/1.9.6/ant-1.9.6.jar:/Users/yecao/.m2/repository/org/apache/ant/ant-launcher/1.9.6/ant-launcher-1.9.6.jar:/Users/yecao/.m2/repository/org/apache/commons/commons-collections4/4.1/commons-collections4-4.1.jar:/Users/yecao/.m2/repository/org/apache/commons/commons-pool2/2.4.2/commons-pool2-2.4.2.jar:/Users/yecao/.m2/repository/com/google/code/gson/gson/2.8.5/gson-2.8.5.jar:/Users/yecao/.m2/repository/org/xerial/snappy/snappy-java/1.1.7.2/snappy-java-1.1.7.2.jar:/Users/yecao/.m2/repository/com/dyuproject/protostuff/protostuff-runtime/1.0.7/protostuff-runtime-1.0.7.jar:/Users/yecao/.m2/repository/com/dyuproject/protostuff/protostuff-api/1.0.7/protostuff-api-1.0.7.jar:/Users/yecao/.m2/repository/com/dyuproject/protostuff/protostuff-collectionschema/1.0.7/protostuff-collectionschema-1.0.7.jar:/Users/yecao/.m2/repository/com/dyuproject/protostuff/protostuff-core/1.0.7/protostuff-core-1.0.7.jar:/Users/yecao/.m2/repository/org/apache/commons/commons-lang3/3.5/commons-lang3-3.5.jar:/Users/yecao/.m2/repository/com/google/guava/guava/21.0/guava-21.0.jar:/Users/yecao/.m2/repository/org/rocksdb/rocksdbjni/5.1.4/rocksdbjni-5.1.4.jar:/Users/yecao/.m2/repository/io/github/myui/btree4j/0.9.1/btree4j-0.9.1.jar:/Users/yecao/.m2/repository/log4j/log4j/1.2.17/log4j-1.2.17.jar:/Users/yecao/.m2/repository/commons-cli/commons-cli/1.2/commons-cli-1.2.jar:/Users/yecao/.m2/repository/commons-logging/commons-logging/1.0.4/commons-logging-1.0.4.jar:/Users/yecao/.m2/repository/org/iq80/leveldb/leveldb/0.12/leveldb-0.12.jar:/Users/yecao/.m2/repository/org/iq80/leveldb/leveldb-api/0.12/leveldb-api-0.12.jar:/Users/yecao/Documents/projects/key-value/raft/raft-java-example/lib/bitcask-java.jar:/Users/yecao/.m2/repository/commons-io/commons-io/2.5/commons-io-2.5.jar:/Users/yecao/.m2/repository/org/apache/logging/log4j/log4j-slf4j-impl/2.9.1/log4j-slf4j-impl-2.9.1.jar:/Users/yecao/.m2/repository/org/slf4j/slf4j-api/1.7.25/slf4j-api-1.7.25.jar:/Users/yecao/.m2/repository/org/apache/logging/log4j/log4j-api/2.9.1/log4j-api-2.9.1.jar:/Users/yecao/.m2/repository/org/apache/logging/log4j/log4j-core/2.9.1/log4j-core-2.9.1.jar:/Users/yecao/.m2/repository/org/projectlombok/lombok/1.18.22/lombok-1.18.22.jar:/Users/yecao/.m2/repository/org/springframework/boot/spring-boot-test/2.5.9/spring-boot-test-2.5.9.jar:/Users/yecao/.m2/repository/org/springframework/boot/spring-boot/2.5.9/spring-boot-2.5.9.jar:"/>
    <property name="sun.cpu.endian" value="little"/>
    <property name="user.home" value="/Users/yecao"/>
    <property name="user.language" value="en"/>
    <property name="java.specification.vendor" value="Oracle Corporation"/>
    <property name="java.version.date" value="2024-10-15"/>
    <property name="java.home" value="/opt/homebrew/Cellar/openjdk@11/11.0.25/libexec/openjdk.jdk/Contents/Home"/>
    <property name="file.separator" value="/"/>
    <property name="basedir" value="/Users/yecao/Documents/projects/key-value/raft/web-client"/>
    <property name="java.vm.compressedOopsMode" value="Zero based"/>
    <property name="line.separator" value="&#10;"/>
    <property name="java.specification.name" value="Java Platform API Specification"/>
    <property name="java.vm.specification.vendor" value="Oracle Corporation"/>
    <property name="java.awt.graphicsenv" value="sun.awt.CGraphicsEnvironment"/>
    <property name="surefire.real.class.path" value="/Users/yecao/Documents/projects/key-value/raft/web-client/target/surefire/surefirebooter-20241218150558841_9.jar"/>
    <property name="sun.management.compiler" value="HotSpot 64-Bit Tiered Compilers"/>
    <property name="java.runtime.version" value="11.0.25+0"/>
    <property name="user.name" value="yecao"/>
    <property name="path.separator" value=":"/>
    <property name="os.version" value="14.6.1"/>
    <property name="java.runtime.name" value="OpenJDK Runtime Environment"/>
    <property name="file.encoding" value="UTF-8"/>
    <property name="java.vm.name" value="OpenJDK 64-Bit Server VM"/>
    <property name="java.vendor.version" value="Homebrew"/>
    <property name="localRepository" value="/Users/yecao/.m2/repository"/>
    <property name="java.vendor.url.bug" value="https://github.com/Homebrew/homebrew-core/issues"/>
    <property name="java.io.tmpdir" value="/var/folders/nb/kcvhyk054298sf0zdn2mt7g80000gn/T/"/>
    <property name="java.version" value="11.0.25"/>
    <property name="user.dir" value="/Users/yecao/Documents/projects/key-value/raft/web-client"/>
    <property name="os.arch" value="aarch64"/>
    <property name="java.vm.specification.name" value="Java Virtual Machine Specification"/>
    <property name="java.awt.printerjob" value="sun.lwawt.macosx.CPrinterJob"/>
    <property name="sun.os.patch.level" value="unknown"/>
    <property name="java.library.path" value="/Users/yecao/Library/Java/Extensions:/Library/Java/Extensions:/Network/Library/Java/Extensions:/System/Library/Java/Extensions:/usr/lib/java:."/>
    <property name="java.vm.info" value="mixed mode"/>
    <property name="java.vendor" value="Homebrew"/>
    <property name="java.vm.version" value="11.0.25+0"/>
    <property name="java.specification.maintenance.version" value="3"/>
    <property name="sun.io.unicode.encoding" value="UnicodeBig"/>
    <property name="java.class.version" value="55.0"/>
  </properties>
</testsuite>